<?xml version="1.0" encoding="UTF-8"?>
<testsuite xmlns:xsi="http://www.w3.org/2001/XMLSchema-instance" xsi:noNamespaceSchemaLocation="https://maven.apache.org/surefire/maven-surefire-plugin/xsd/surefire-test-report-3.0.xsd" version="3.0" name="TestSuite" time="38.645" tests="4" errors="0" skipped="0" failures="0">
  <properties>
    <property name="java.specification.version" value="23"/>
    <property name="webdriver.chrome.driver" value="/Users/usuario/.cache/selenium/chromedriver/mac-arm64/134.0.6998.165/chromedriver"/>
    <property name="sun.jnu.encoding" value="UTF-8"/>
    <property name="java.class.path" value="/Users/usuario/Documents/orbidi/Bootcamp/repositorios_practicas/pom-template-selenium/target/test-classes:/Users/usuario/Documents/orbidi/Bootcamp/repositorios_practicas/pom-template-selenium/target/classes:/Users/usuario/.m2/repository/org/slf4j/slf4j-jdk14/2.0.5/slf4j-jdk14-2.0.5.jar:/Users/usuario/.m2/repository/org/slf4j/slf4j-api/2.0.5/slf4j-api-2.0.5.jar:/Users/usuario/.m2/repository/org/seleniumhq/selenium/selenium-java/4.29.0/selenium-java-4.29.0.jar:/Users/usuario/.m2/repository/org/seleniumhq/selenium/selenium-api/4.29.0/selenium-api-4.29.0.jar:/Users/usuario/.m2/repository/org/jspecify/jspecify/1.0.0/jspecify-1.0.0.jar:/Users/usuario/.m2/repository/org/seleniumhq/selenium/selenium-chrome-driver/4.29.0/selenium-chrome-driver-4.29.0.jar:/Users/usuario/.m2/repository/com/google/auto/service/auto-service-annotations/1.1.1/auto-service-annotations-1.1.1.jar:/Users/usuario/.m2/repository/org/seleniumhq/selenium/selenium-chromium-driver/4.29.0/selenium-chromium-driver-4.29.0.jar:/Users/usuario/.m2/repository/org/seleniumhq/selenium/selenium-json/4.29.0/selenium-json-4.29.0.jar:/Users/usuario/.m2/repository/org/seleniumhq/selenium/selenium-manager/4.29.0/selenium-manager-4.29.0.jar:/Users/usuario/.m2/repository/org/seleniumhq/selenium/selenium-devtools-v131/4.29.0/selenium-devtools-v131-4.29.0.jar:/Users/usuario/.m2/repository/org/seleniumhq/selenium/selenium-devtools-v132/4.29.0/selenium-devtools-v132-4.29.0.jar:/Users/usuario/.m2/repository/org/seleniumhq/selenium/selenium-devtools-v133/4.29.0/selenium-devtools-v133-4.29.0.jar:/Users/usuario/.m2/repository/org/seleniumhq/selenium/selenium-devtools-v85/4.29.0/selenium-devtools-v85-4.29.0.jar:/Users/usuario/.m2/repository/org/seleniumhq/selenium/selenium-edge-driver/4.29.0/selenium-edge-driver-4.29.0.jar:/Users/usuario/.m2/repository/org/seleniumhq/selenium/selenium-firefox-driver/4.29.0/selenium-firefox-driver-4.29.0.jar:/Users/usuario/.m2/repository/org/seleniumhq/selenium/selenium-http/4.29.0/selenium-http-4.29.0.jar:/Users/usuario/.m2/repository/org/seleniumhq/selenium/selenium-ie-driver/4.29.0/selenium-ie-driver-4.29.0.jar:/Users/usuario/.m2/repository/org/seleniumhq/selenium/selenium-remote-driver/4.29.0/selenium-remote-driver-4.29.0.jar:/Users/usuario/.m2/repository/com/google/guava/guava/33.4.0-jre/guava-33.4.0-jre.jar:/Users/usuario/.m2/repository/com/google/guava/failureaccess/1.0.2/failureaccess-1.0.2.jar:/Users/usuario/.m2/repository/com/google/guava/listenablefuture/9999.0-empty-to-avoid-conflict-with-guava/listenablefuture-9999.0-empty-to-avoid-conflict-with-guava.jar:/Users/usuario/.m2/repository/org/checkerframework/checker-qual/3.43.0/checker-qual-3.43.0.jar:/Users/usuario/.m2/repository/com/google/j2objc/j2objc-annotations/3.0.0/j2objc-annotations-3.0.0.jar:/Users/usuario/.m2/repository/io/opentelemetry/semconv/opentelemetry-semconv/1.28.0-alpha/opentelemetry-semconv-1.28.0-alpha.jar:/Users/usuario/.m2/repository/io/opentelemetry/opentelemetry-api/1.46.0/opentelemetry-api-1.46.0.jar:/Users/usuario/.m2/repository/io/opentelemetry/opentelemetry-context/1.46.0/opentelemetry-context-1.46.0.jar:/Users/usuario/.m2/repository/io/opentelemetry/opentelemetry-exporter-logging/1.46.0/opentelemetry-exporter-logging-1.46.0.jar:/Users/usuario/.m2/repository/io/opentelemetry/opentelemetry-sdk-common/1.46.0/opentelemetry-sdk-common-1.46.0.jar:/Users/usuario/.m2/repository/io/opentelemetry/opentelemetry-sdk-extension-autoconfigure-spi/1.46.0/opentelemetry-sdk-extension-autoconfigure-spi-1.46.0.jar:/Users/usuario/.m2/repository/io/opentelemetry/opentelemetry-sdk-extension-autoconfigure/1.46.0/opentelemetry-sdk-extension-autoconfigure-1.46.0.jar:/Users/usuario/.m2/repository/io/opentelemetry/opentelemetry-api-incubator/1.46.0-alpha/opentelemetry-api-incubator-1.46.0-alpha.jar:/Users/usuario/.m2/repository/io/opentelemetry/opentelemetry-sdk-trace/1.46.0/opentelemetry-sdk-trace-1.46.0.jar:/Users/usuario/.m2/repository/io/opentelemetry/opentelemetry-sdk/1.46.0/opentelemetry-sdk-1.46.0.jar:/Users/usuario/.m2/repository/io/opentelemetry/opentelemetry-sdk-metrics/1.46.0/opentelemetry-sdk-metrics-1.46.0.jar:/Users/usuario/.m2/repository/io/opentelemetry/opentelemetry-sdk-logs/1.46.0/opentelemetry-sdk-logs-1.46.0.jar:/Users/usuario/.m2/repository/net/bytebuddy/byte-buddy/1.15.11/byte-buddy-1.15.11.jar:/Users/usuario/.m2/repository/org/seleniumhq/selenium/selenium-os/4.29.0/selenium-os-4.29.0.jar:/Users/usuario/.m2/repository/org/apache/commons/commons-exec/1.4.0/commons-exec-1.4.0.jar:/Users/usuario/.m2/repository/org/seleniumhq/selenium/selenium-safari-driver/4.29.0/selenium-safari-driver-4.29.0.jar:/Users/usuario/.m2/repository/org/seleniumhq/selenium/selenium-support/4.29.0/selenium-support-4.29.0.jar:/Users/usuario/.m2/repository/io/github/bonigarcia/webdrivermanager/5.9.3/webdrivermanager-5.9.3.jar:/Users/usuario/.m2/repository/com/google/code/gson/gson/2.12.1/gson-2.12.1.jar:/Users/usuario/.m2/repository/com/google/errorprone/error_prone_annotations/2.36.0/error_prone_annotations-2.36.0.jar:/Users/usuario/.m2/repository/com/github/docker-java/docker-java/3.4.1/docker-java-3.4.1.jar:/Users/usuario/.m2/repository/com/github/docker-java/docker-java-core/3.4.1/docker-java-core-3.4.1.jar:/Users/usuario/.m2/repository/com/github/docker-java/docker-java-api/3.4.1/docker-java-api-3.4.1.jar:/Users/usuario/.m2/repository/com/fasterxml/jackson/core/jackson-annotations/2.10.3/jackson-annotations-2.10.3.jar:/Users/usuario/.m2/repository/com/fasterxml/jackson/core/jackson-databind/2.10.3/jackson-databind-2.10.3.jar:/Users/usuario/.m2/repository/com/fasterxml/jackson/core/jackson-core/2.10.3/jackson-core-2.10.3.jar:/Users/usuario/.m2/repository/org/slf4j/jcl-over-slf4j/1.7.30/jcl-over-slf4j-1.7.30.jar:/Users/usuario/.m2/repository/com/github/docker-java/docker-java-transport-httpclient5/3.4.1/docker-java-transport-httpclient5-3.4.1.jar:/Users/usuario/.m2/repository/com/github/docker-java/docker-java-transport/3.4.1/docker-java-transport-3.4.1.jar:/Users/usuario/.m2/repository/net/java/dev/jna/jna/5.13.0/jna-5.13.0.jar:/Users/usuario/.m2/repository/org/brotli/dec/0.1.2/dec-0.1.2.jar:/Users/usuario/.m2/repository/org/apache/commons/commons-lang3/3.17.0/commons-lang3-3.17.0.jar:/Users/usuario/.m2/repository/org/apache/commons/commons-compress/1.27.1/commons-compress-1.27.1.jar:/Users/usuario/.m2/repository/commons-codec/commons-codec/1.17.1/commons-codec-1.17.1.jar:/Users/usuario/.m2/repository/commons-io/commons-io/2.16.1/commons-io-2.16.1.jar:/Users/usuario/.m2/repository/org/apache/httpcomponents/client5/httpclient5/5.2.1/httpclient5-5.2.1.jar:/Users/usuario/.m2/repository/org/apache/httpcomponents/core5/httpcore5/5.2/httpcore5-5.2.jar:/Users/usuario/.m2/repository/org/apache/httpcomponents/core5/httpcore5-h2/5.2/httpcore5-h2-5.2.jar:/Users/usuario/.m2/repository/org/testng/testng/7.5.1/testng-7.5.1.jar:/Users/usuario/.m2/repository/com/google/code/findbugs/jsr305/3.0.1/jsr305-3.0.1.jar:/Users/usuario/.m2/repository/com/beust/jcommander/1.78/jcommander-1.78.jar:/Users/usuario/.m2/repository/org/webjars/jquery/3.5.1/jquery-3.5.1.jar:"/>
    <property name="java.vm.vendor" value="Homebrew"/>
    <property name="sun.arch.data.model" value="64"/>
    <property name="java.vendor.url" value="https://github.com/Homebrew/homebrew-core/issues"/>
    <property name="user.timezone" value="America/Bogota"/>
    <property name="os.name" value="Mac OS X"/>
    <property name="java.vm.specification.version" value="23"/>
    <property name="sun.java.launcher" value="SUN_STANDARD"/>
    <property name="user.country" value="CO"/>
    <property name="sun.boot.library.path" value="/opt/homebrew/Cellar/openjdk/23.0.2/libexec/openjdk.jdk/Contents/Home/lib"/>
    <property name="sun.java.command" value="/Users/usuario/Documents/orbidi/Bootcamp/repositorios_practicas/pom-template-selenium/target/surefire/surefirebooter-20250404163703939_3.jar /Users/usuario/Documents/orbidi/Bootcamp/repositorios_practicas/pom-template-selenium/target/surefire 2025-04-04T16-37-03_851-jvmRun1 surefire-20250404163703939_1tmp surefire_0-20250404163703939_2tmp"/>
    <property name="http.nonProxyHosts" value="local|*.local|169.254/16|*.169.254/16"/>
    <property name="jdk.debug" value="release"/>
    <property name="surefire.test.class.path" value="/Users/usuario/Documents/orbidi/Bootcamp/repositorios_practicas/pom-template-selenium/target/test-classes:/Users/usuario/Documents/orbidi/Bootcamp/repositorios_practicas/pom-template-selenium/target/classes:/Users/usuario/.m2/repository/org/slf4j/slf4j-jdk14/2.0.5/slf4j-jdk14-2.0.5.jar:/Users/usuario/.m2/repository/org/slf4j/slf4j-api/2.0.5/slf4j-api-2.0.5.jar:/Users/usuario/.m2/repository/org/seleniumhq/selenium/selenium-java/4.29.0/selenium-java-4.29.0.jar:/Users/usuario/.m2/repository/org/seleniumhq/selenium/selenium-api/4.29.0/selenium-api-4.29.0.jar:/Users/usuario/.m2/repository/org/jspecify/jspecify/1.0.0/jspecify-1.0.0.jar:/Users/usuario/.m2/repository/org/seleniumhq/selenium/selenium-chrome-driver/4.29.0/selenium-chrome-driver-4.29.0.jar:/Users/usuario/.m2/repository/com/google/auto/service/auto-service-annotations/1.1.1/auto-service-annotations-1.1.1.jar:/Users/usuario/.m2/repository/org/seleniumhq/selenium/selenium-chromium-driver/4.29.0/selenium-chromium-driver-4.29.0.jar:/Users/usuario/.m2/repository/org/seleniumhq/selenium/selenium-json/4.29.0/selenium-json-4.29.0.jar:/Users/usuario/.m2/repository/org/seleniumhq/selenium/selenium-manager/4.29.0/selenium-manager-4.29.0.jar:/Users/usuario/.m2/repository/org/seleniumhq/selenium/selenium-devtools-v131/4.29.0/selenium-devtools-v131-4.29.0.jar:/Users/usuario/.m2/repository/org/seleniumhq/selenium/selenium-devtools-v132/4.29.0/selenium-devtools-v132-4.29.0.jar:/Users/usuario/.m2/repository/org/seleniumhq/selenium/selenium-devtools-v133/4.29.0/selenium-devtools-v133-4.29.0.jar:/Users/usuario/.m2/repository/org/seleniumhq/selenium/selenium-devtools-v85/4.29.0/selenium-devtools-v85-4.29.0.jar:/Users/usuario/.m2/repository/org/seleniumhq/selenium/selenium-edge-driver/4.29.0/selenium-edge-driver-4.29.0.jar:/Users/usuario/.m2/repository/org/seleniumhq/selenium/selenium-firefox-driver/4.29.0/selenium-firefox-driver-4.29.0.jar:/Users/usuario/.m2/repository/org/seleniumhq/selenium/selenium-http/4.29.0/selenium-http-4.29.0.jar:/Users/usuario/.m2/repository/org/seleniumhq/selenium/selenium-ie-driver/4.29.0/selenium-ie-driver-4.29.0.jar:/Users/usuario/.m2/repository/org/seleniumhq/selenium/selenium-remote-driver/4.29.0/selenium-remote-driver-4.29.0.jar:/Users/usuario/.m2/repository/com/google/guava/guava/33.4.0-jre/guava-33.4.0-jre.jar:/Users/usuario/.m2/repository/com/google/guava/failureaccess/1.0.2/failureaccess-1.0.2.jar:/Users/usuario/.m2/repository/com/google/guava/listenablefuture/9999.0-empty-to-avoid-conflict-with-guava/listenablefuture-9999.0-empty-to-avoid-conflict-with-guava.jar:/Users/usuario/.m2/repository/org/checkerframework/checker-qual/3.43.0/checker-qual-3.43.0.jar:/Users/usuario/.m2/repository/com/google/j2objc/j2objc-annotations/3.0.0/j2objc-annotations-3.0.0.jar:/Users/usuario/.m2/repository/io/opentelemetry/semconv/opentelemetry-semconv/1.28.0-alpha/opentelemetry-semconv-1.28.0-alpha.jar:/Users/usuario/.m2/repository/io/opentelemetry/opentelemetry-api/1.46.0/opentelemetry-api-1.46.0.jar:/Users/usuario/.m2/repository/io/opentelemetry/opentelemetry-context/1.46.0/opentelemetry-context-1.46.0.jar:/Users/usuario/.m2/repository/io/opentelemetry/opentelemetry-exporter-logging/1.46.0/opentelemetry-exporter-logging-1.46.0.jar:/Users/usuario/.m2/repository/io/opentelemetry/opentelemetry-sdk-common/1.46.0/opentelemetry-sdk-common-1.46.0.jar:/Users/usuario/.m2/repository/io/opentelemetry/opentelemetry-sdk-extension-autoconfigure-spi/1.46.0/opentelemetry-sdk-extension-autoconfigure-spi-1.46.0.jar:/Users/usuario/.m2/repository/io/opentelemetry/opentelemetry-sdk-extension-autoconfigure/1.46.0/opentelemetry-sdk-extension-autoconfigure-1.46.0.jar:/Users/usuario/.m2/repository/io/opentelemetry/opentelemetry-api-incubator/1.46.0-alpha/opentelemetry-api-incubator-1.46.0-alpha.jar:/Users/usuario/.m2/repository/io/opentelemetry/opentelemetry-sdk-trace/1.46.0/opentelemetry-sdk-trace-1.46.0.jar:/Users/usuario/.m2/repository/io/opentelemetry/opentelemetry-sdk/1.46.0/opentelemetry-sdk-1.46.0.jar:/Users/usuario/.m2/repository/io/opentelemetry/opentelemetry-sdk-metrics/1.46.0/opentelemetry-sdk-metrics-1.46.0.jar:/Users/usuario/.m2/repository/io/opentelemetry/opentelemetry-sdk-logs/1.46.0/opentelemetry-sdk-logs-1.46.0.jar:/Users/usuario/.m2/repository/net/bytebuddy/byte-buddy/1.15.11/byte-buddy-1.15.11.jar:/Users/usuario/.m2/repository/org/seleniumhq/selenium/selenium-os/4.29.0/selenium-os-4.29.0.jar:/Users/usuario/.m2/repository/org/apache/commons/commons-exec/1.4.0/commons-exec-1.4.0.jar:/Users/usuario/.m2/repository/org/seleniumhq/selenium/selenium-safari-driver/4.29.0/selenium-safari-driver-4.29.0.jar:/Users/usuario/.m2/repository/org/seleniumhq/selenium/selenium-support/4.29.0/selenium-support-4.29.0.jar:/Users/usuario/.m2/repository/io/github/bonigarcia/webdrivermanager/5.9.3/webdrivermanager-5.9.3.jar:/Users/usuario/.m2/repository/com/google/code/gson/gson/2.12.1/gson-2.12.1.jar:/Users/usuario/.m2/repository/com/google/errorprone/error_prone_annotations/2.36.0/error_prone_annotations-2.36.0.jar:/Users/usuario/.m2/repository/com/github/docker-java/docker-java/3.4.1/docker-java-3.4.1.jar:/Users/usuario/.m2/repository/com/github/docker-java/docker-java-core/3.4.1/docker-java-core-3.4.1.jar:/Users/usuario/.m2/repository/com/github/docker-java/docker-java-api/3.4.1/docker-java-api-3.4.1.jar:/Users/usuario/.m2/repository/com/fasterxml/jackson/core/jackson-annotations/2.10.3/jackson-annotations-2.10.3.jar:/Users/usuario/.m2/repository/com/fasterxml/jackson/core/jackson-databind/2.10.3/jackson-databind-2.10.3.jar:/Users/usuario/.m2/repository/com/fasterxml/jackson/core/jackson-core/2.10.3/jackson-core-2.10.3.jar:/Users/usuario/.m2/repository/org/slf4j/jcl-over-slf4j/1.7.30/jcl-over-slf4j-1.7.30.jar:/Users/usuario/.m2/repository/com/github/docker-java/docker-java-transport-httpclient5/3.4.1/docker-java-transport-httpclient5-3.4.1.jar:/Users/usuario/.m2/repository/com/github/docker-java/docker-java-transport/3.4.1/docker-java-transport-3.4.1.jar:/Users/usuario/.m2/repository/net/java/dev/jna/jna/5.13.0/jna-5.13.0.jar:/Users/usuario/.m2/repository/org/brotli/dec/0.1.2/dec-0.1.2.jar:/Users/usuario/.m2/repository/org/apache/commons/commons-lang3/3.17.0/commons-lang3-3.17.0.jar:/Users/usuario/.m2/repository/org/apache/commons/commons-compress/1.27.1/commons-compress-1.27.1.jar:/Users/usuario/.m2/repository/commons-codec/commons-codec/1.17.1/commons-codec-1.17.1.jar:/Users/usuario/.m2/repository/commons-io/commons-io/2.16.1/commons-io-2.16.1.jar:/Users/usuario/.m2/repository/org/apache/httpcomponents/client5/httpclient5/5.2.1/httpclient5-5.2.1.jar:/Users/usuario/.m2/repository/org/apache/httpcomponents/core5/httpcore5/5.2/httpcore5-5.2.jar:/Users/usuario/.m2/repository/org/apache/httpcomponents/core5/httpcore5-h2/5.2/httpcore5-h2-5.2.jar:/Users/usuario/.m2/repository/org/testng/testng/7.5.1/testng-7.5.1.jar:/Users/usuario/.m2/repository/com/google/code/findbugs/jsr305/3.0.1/jsr305-3.0.1.jar:/Users/usuario/.m2/repository/com/beust/jcommander/1.78/jcommander-1.78.jar:/Users/usuario/.m2/repository/org/webjars/jquery/3.5.1/jquery-3.5.1.jar:"/>
    <property name="sun.cpu.endian" value="little"/>
    <property name="user.home" value="/Users/usuario"/>
    <property name="user.language" value="es"/>
    <property name="java.specification.vendor" value="Oracle Corporation"/>
    <property name="java.version.date" value="2025-01-21"/>
    <property name="java.home" value="/opt/homebrew/Cellar/openjdk/23.0.2/libexec/openjdk.jdk/Contents/Home"/>
    <property name="file.separator" value="/"/>
    <property name="basedir" value="/Users/usuario/Documents/orbidi/Bootcamp/repositorios_practicas/pom-template-selenium"/>
    <property name="java.vm.compressedOopsMode" value="Zero based"/>
    <property name="line.separator" value="&#10;"/>
    <property name="java.vm.specification.vendor" value="Oracle Corporation"/>
    <property name="java.specification.name" value="Java Platform API Specification"/>
    <property name="apple.awt.application.name" value="ForkedBooter"/>
    <property name="surefire.real.class.path" value="/Users/usuario/Documents/orbidi/Bootcamp/repositorios_practicas/pom-template-selenium/target/surefire/surefirebooter-20250404163703939_3.jar"/>
    <property name="sun.management.compiler" value="HotSpot 64-Bit Tiered Compilers"/>
    <property name="ftp.nonProxyHosts" value="local|*.local|169.254/16|*.169.254/16"/>
    <property name="java.runtime.version" value="23.0.2"/>
    <property name="user.name" value="usuario"/>
    <property name="stdout.encoding" value="UTF-8"/>
    <property name="path.separator" value=":"/>
    <property name="os.version" value="15.3.2"/>
    <property name="java.runtime.name" value="OpenJDK Runtime Environment"/>
    <property name="file.encoding" value="UTF-8"/>
    <property name="java.vm.name" value="OpenJDK 64-Bit Server VM"/>
    <property name="java.vendor.version" value="Homebrew"/>
    <property name="localRepository" value="/Users/usuario/.m2/repository"/>
    <property name="java.vendor.url.bug" value="https://github.com/Homebrew/homebrew-core/issues"/>
    <property name="java.io.tmpdir" value="/var/folders/39/bql56yw11rl868n21ylt_7ym0000gn/T/"/>
    <property name="java.version" value="23.0.2"/>
    <property name="user.dir" value="/Users/usuario/Documents/orbidi/Bootcamp/repositorios_practicas/pom-template-selenium"/>
    <property name="os.arch" value="aarch64"/>
    <property name="java.vm.specification.name" value="Java Virtual Machine Specification"/>
    <property name="native.encoding" value="UTF-8"/>
    <property name="java.library.path" value="/Users/usuario/Library/Java/Extensions:/Library/Java/Extensions:/Network/Library/Java/Extensions:/System/Library/Java/Extensions:/usr/lib/java:."/>
    <property name="java.vm.info" value="mixed mode, sharing"/>
    <property name="stderr.encoding" value="UTF-8"/>
    <property name="java.vendor" value="Homebrew"/>
    <property name="java.vm.version" value="23.0.2"/>
    <property name="sun.io.unicode.encoding" value="UnicodeBig"/>
    <property name="socksNonProxyHosts" value="local|*.local|169.254/16|*.169.254/16"/>
    <property name="java.class.version" value="67.0"/>
  </properties>
  <testcase name="successfulLoginTest" classname="testScript.LoginTest" time="6.394">
    <system-out><![CDATA[Prueba OK...Swag Labs
]]></system-out>
    <system-err><![CDATA[abr 04, 2025 4:37:04 P. M. io.github.bonigarcia.wdm.WebDriverManager resolveDriverVersion
INFORMACIÓN: Using chromedriver 134.0.6998.165 (resolved driver for Chrome 134)
abr 04, 2025 4:37:04 P. M. io.github.bonigarcia.wdm.online.Downloader downloadAndExtract
INFORMACIÓN: Downloading https://storage.googleapis.com/chrome-for-testing-public/134.0.6998.165/mac-arm64/chromedriver-mac-arm64.zip
abr 04, 2025 4:37:05 P. M. io.github.bonigarcia.wdm.online.Downloader extract
INFORMACIÓN: Extracting driver from compressed file chromedriver-mac-arm64.zip
abr 04, 2025 4:37:05 P. M. io.github.bonigarcia.wdm.WebDriverManager exportDriver
INFORMACIÓN: Exporting webdriver.chrome.driver as /Users/usuario/.cache/selenium/chromedriver/mac-arm64/134.0.6998.165/chromedriver
abr 04, 2025 4:37:05 P. M. io.github.bonigarcia.wdm.cache.ResolutionCache clear
INFORMACIÓN: Clearing WebDriverManager resolution cache
abr 04, 2025 4:37:05 P. M. io.github.bonigarcia.wdm.WebDriverManager resolveDriverVersion
INFORMACIÓN: Using chromedriver 134.0.6998.165 (resolved driver for Chrome 134)
abr 04, 2025 4:37:05 P. M. io.github.bonigarcia.wdm.WebDriverManager exportDriver
INFORMACIÓN: Exporting webdriver.chrome.driver as /Users/usuario/.cache/selenium/chromedriver/mac-arm64/134.0.6998.165/chromedriver
abr 04, 2025 4:37:05 P. M. io.github.bonigarcia.wdm.WebDriverManager resolveDriverVersion
INFORMACIÓN: Using chromedriver 134.0.6998.165 (resolved driver for Chrome 134)
abr 04, 2025 4:37:05 P. M. io.github.bonigarcia.wdm.WebDriverManager exportDriver
INFORMACIÓN: Exporting webdriver.chrome.driver as /Users/usuario/.cache/selenium/chromedriver/mac-arm64/134.0.6998.165/chromedriver
abr 04, 2025 4:37:06 P. M. org.openqa.selenium.devtools.CdpVersionFinder findNearestMatch
ADVERTENCIA: Unable to find an exact match for CDP version 134, returning the closest version; found: 133; Please update to a Selenium version that supports CDP version 134
]]></system-err>
  </testcase>
  <testcase name="unsuccessfulPasswordEmptyTest" classname="testScript.LoginTest" time="6.219">
    <system-out><![CDATA[Restarted browser
Prueba OK...Epic sadface: Username is required
]]></system-out>
    <system-err><![CDATA[abr 04, 2025 4:37:14 P. M. io.github.bonigarcia.wdm.WebDriverManager resolveDriverVersion
INFORMACIÓN: Using chromedriver 134.0.6998.165 (resolved driver for Chrome 134)
abr 04, 2025 4:37:14 P. M. io.github.bonigarcia.wdm.online.Downloader downloadAndExtract
INFORMACIÓN: Downloading https://storage.googleapis.com/chrome-for-testing-public/134.0.6998.165/mac-arm64/chromedriver-mac-arm64.zip
abr 04, 2025 4:37:15 P. M. io.github.bonigarcia.wdm.online.Downloader extract
INFORMACIÓN: Extracting driver from compressed file chromedriver-mac-arm64.zip
abr 04, 2025 4:37:15 P. M. io.github.bonigarcia.wdm.WebDriverManager exportDriver
INFORMACIÓN: Exporting webdriver.chrome.driver as /Users/usuario/.cache/selenium/chromedriver/mac-arm64/134.0.6998.165/chromedriver
abr 04, 2025 4:37:15 P. M. io.github.bonigarcia.wdm.cache.ResolutionCache clear
INFORMACIÓN: Clearing WebDriverManager resolution cache
abr 04, 2025 4:37:15 P. M. io.github.bonigarcia.wdm.WebDriverManager resolveDriverVersion
INFORMACIÓN: Using chromedriver 134.0.6998.165 (resolved driver for Chrome 134)
abr 04, 2025 4:37:15 P. M. io.github.bonigarcia.wdm.WebDriverManager exportDriver
INFORMACIÓN: Exporting webdriver.chrome.driver as /Users/usuario/.cache/selenium/chromedriver/mac-arm64/134.0.6998.165/chromedriver
abr 04, 2025 4:37:15 P. M. io.github.bonigarcia.wdm.WebDriverManager resolveDriverVersion
INFORMACIÓN: Using chromedriver 134.0.6998.165 (resolved driver for Chrome 134)
abr 04, 2025 4:37:15 P. M. io.github.bonigarcia.wdm.WebDriverManager exportDriver
INFORMACIÓN: Exporting webdriver.chrome.driver as /Users/usuario/.cache/selenium/chromedriver/mac-arm64/134.0.6998.165/chromedriver
abr 04, 2025 4:37:16 P. M. org.openqa.selenium.devtools.CdpVersionFinder findNearestMatch
ADVERTENCIA: Unable to find an exact match for CDP version 134, returning the closest version; found: 133; Please update to a Selenium version that supports CDP version 134
]]></system-err>
  </testcase>
  <testcase name="unsuccessfulPasswordLoginTest" classname="testScript.LoginTest" time="6.28">
    <system-out><![CDATA[Restarted browser
Prueba OK...Epic sadface: Username and password do not match any user in this service
]]></system-out>
    <system-err><![CDATA[abr 04, 2025 4:37:24 P. M. io.github.bonigarcia.wdm.WebDriverManager resolveDriverVersion
INFORMACIÓN: Using chromedriver 134.0.6998.165 (resolved driver for Chrome 134)
abr 04, 2025 4:37:24 P. M. io.github.bonigarcia.wdm.online.Downloader downloadAndExtract
INFORMACIÓN: Downloading https://storage.googleapis.com/chrome-for-testing-public/134.0.6998.165/mac-arm64/chromedriver-mac-arm64.zip
abr 04, 2025 4:37:24 P. M. io.github.bonigarcia.wdm.online.Downloader extract
INFORMACIÓN: Extracting driver from compressed file chromedriver-mac-arm64.zip
abr 04, 2025 4:37:24 P. M. io.github.bonigarcia.wdm.WebDriverManager exportDriver
INFORMACIÓN: Exporting webdriver.chrome.driver as /Users/usuario/.cache/selenium/chromedriver/mac-arm64/134.0.6998.165/chromedriver
abr 04, 2025 4:37:24 P. M. io.github.bonigarcia.wdm.cache.ResolutionCache clear
INFORMACIÓN: Clearing WebDriverManager resolution cache
abr 04, 2025 4:37:25 P. M. io.github.bonigarcia.wdm.WebDriverManager resolveDriverVersion
INFORMACIÓN: Using chromedriver 134.0.6998.165 (resolved driver for Chrome 134)
abr 04, 2025 4:37:25 P. M. io.github.bonigarcia.wdm.WebDriverManager exportDriver
INFORMACIÓN: Exporting webdriver.chrome.driver as /Users/usuario/.cache/selenium/chromedriver/mac-arm64/134.0.6998.165/chromedriver
abr 04, 2025 4:37:25 P. M. io.github.bonigarcia.wdm.WebDriverManager resolveDriverVersion
INFORMACIÓN: Using chromedriver 134.0.6998.165 (resolved driver for Chrome 134)
abr 04, 2025 4:37:25 P. M. io.github.bonigarcia.wdm.WebDriverManager exportDriver
INFORMACIÓN: Exporting webdriver.chrome.driver as /Users/usuario/.cache/selenium/chromedriver/mac-arm64/134.0.6998.165/chromedriver
abr 04, 2025 4:37:26 P. M. org.openqa.selenium.devtools.CdpVersionFinder findNearestMatch
ADVERTENCIA: Unable to find an exact match for CDP version 134, returning the closest version; found: 133; Please update to a Selenium version that supports CDP version 134
]]></system-err>
  </testcase>
  <testcase name="unsuccessfulUserLoginTest" classname="testScript.LoginTest" time="6.282">
    <system-out><![CDATA[Restarted browser
Prueba OK...Epic sadface: Username and password do not match any user in this service
]]></system-out>
    <system-err><![CDATA[abr 04, 2025 4:37:33 P. M. io.github.bonigarcia.wdm.WebDriverManager resolveDriverVersion
INFORMACIÓN: Using chromedriver 134.0.6998.165 (resolved driver for Chrome 134)
abr 04, 2025 4:37:33 P. M. io.github.bonigarcia.wdm.online.Downloader downloadAndExtract
INFORMACIÓN: Downloading https://storage.googleapis.com/chrome-for-testing-public/134.0.6998.165/mac-arm64/chromedriver-mac-arm64.zip
abr 04, 2025 4:37:34 P. M. io.github.bonigarcia.wdm.online.Downloader extract
INFORMACIÓN: Extracting driver from compressed file chromedriver-mac-arm64.zip
abr 04, 2025 4:37:34 P. M. io.github.bonigarcia.wdm.WebDriverManager exportDriver
INFORMACIÓN: Exporting webdriver.chrome.driver as /Users/usuario/.cache/selenium/chromedriver/mac-arm64/134.0.6998.165/chromedriver
abr 04, 2025 4:37:34 P. M. io.github.bonigarcia.wdm.cache.ResolutionCache clear
INFORMACIÓN: Clearing WebDriverManager resolution cache
abr 04, 2025 4:37:34 P. M. io.github.bonigarcia.wdm.WebDriverManager resolveDriverVersion
INFORMACIÓN: Using chromedriver 134.0.6998.165 (resolved driver for Chrome 134)
abr 04, 2025 4:37:34 P. M. io.github.bonigarcia.wdm.WebDriverManager exportDriver
INFORMACIÓN: Exporting webdriver.chrome.driver as /Users/usuario/.cache/selenium/chromedriver/mac-arm64/134.0.6998.165/chromedriver
abr 04, 2025 4:37:34 P. M. io.github.bonigarcia.wdm.WebDriverManager resolveDriverVersion
INFORMACIÓN: Using chromedriver 134.0.6998.165 (resolved driver for Chrome 134)
abr 04, 2025 4:37:34 P. M. io.github.bonigarcia.wdm.WebDriverManager exportDriver
INFORMACIÓN: Exporting webdriver.chrome.driver as /Users/usuario/.cache/selenium/chromedriver/mac-arm64/134.0.6998.165/chromedriver
abr 04, 2025 4:37:35 P. M. org.openqa.selenium.devtools.CdpVersionFinder findNearestMatch
ADVERTENCIA: Unable to find an exact match for CDP version 134, returning the closest version; found: 133; Please update to a Selenium version that supports CDP version 134
]]></system-err>
  </testcase>
</testsuite>