<?xml version="1.0" encoding="UTF-8"?>
<!-- Generated by org.testng.reporters.JUnitReportReporter -->
<testsuite hostname="MacBook-Pro-de-Usuario.local" failures="0" tests="4" name="testScript.LoginTest" time="38.487" errors="0" timestamp="2025-04-04T16:37:42 COT" skipped="0">
  <testcase classname="testScript.LoginTest" name="unsuccessfulUserLoginTest" time="9.645"/>
  <system-out/>
  <testcase classname="testScript.LoginTest" name="unsuccessfulPasswordEmptyTest" time="9.224"/>
  <system-out/>
  <testcase classname="testScript.LoginTest" name="unsuccessfulPasswordLoginTest" time="10.087"/>
  <system-out/>
  <testcase classname="testScript.LoginTest" name="successfulLoginTest" time="9.531"/>
  <system-out/>
</testsuite> <!-- testScript.LoginTest -->
